p/1570297395855.jpg 1 0 0 185 163
p/1570297389095.jpg 1 0 0 158 142
p/1570297314415.jpg 1 0 0 265 198
p/1570297304696.jpg 1 0 0 216 153
p/1570297297247.jpg 1 0 0 165 139
p/1570297234903.jpg 1 0 0 314 195
p/1570297204607.jpg 1 0 0 183 123
p/1570297197744.jpg 1 0 0 159 95
p/1570297192352.jpg 1 0 0 132 86
p/1570297179615.jpg 1 0 0 180 113
p/1570297142719.jpg 1 0 0 242 157
p/1570297091279.jpg 1 0 0 256 192
p/1570297084327.jpg 1 0 0 220 163
p/1570297071807.jpg 1 0 0 199 155
p/1570297058415.jpg 1 0 0 150 130
p/1570297014543.jpg 1 0 0 263 186
p/1570296997423.jpg 1 0 0 133 104
p/1570296990711.jpg 1 0 0 116 83
p/1570296984296.jpg 1 0 0 183 127
p/1570296972047.jpg 1 0 0 139 80
p/1570296965110.jpg 1 0 0 124 71
p/1570296959527.jpg 1 0 0 138 79
p/1570296952591.jpg 1 0 0 133 74
p/1570296946399.jpg 1 0 0 132 86
p/1570296938839.jpg 1 0 0 120 75
p/1570296932279.jpg 1 0 0 113 80
p/1570296926159.jpg 1 0 0 104 73
p/1570296908791.jpg 1 0 0 211 133
p/1570296901175.jpg 1 0 0 171 121
p/1570296893456.jpg 1 0 0 151 99
p/1570296884551.jpg 1 0 0 132 84
p/1570296875815.jpg 1 0 0 266 151
p/1570296868328.jpg 1 0 0 271 158
p/1570296827567.jpg 1 0 0 322 207
p/1570296808919.jpg 1 0 0 285 178
p/1570296801592.jpg 1 0 0 255 157
p/1570296792800.jpg 1 0 0 233 142
p/1570296781544.jpg 1 0 0 206 146
p/1570296774505.jpg 1 0 0 200 141
p/1570296768847.jpg 1 0 0 198 134
p/1570296763303.jpg 1 0 0 188 129
p/1570296756375.jpg 1 0 0 174 124
p/1570296747280.jpg 1 0 0 165 114
p/1570296741623.jpg 1 0 0 159 102
p/1570296735708.jpg 1 0 0 146 91
p/1570296728311.jpg 1 0 0 138 89
p/1570296701583.jpg 1 0 0 360 231
p/1570296686863.jpg 1 0 0 356 209
p/1570296675120.jpg 1 0 0 331 205
p/1570296665336.jpg 1 0 0 310 192
p/1570296655511.jpg 1 0 0 289 181
p/1570296643192.jpg 1 0 0 234 147
p/1570296634760.jpg 1 0 0 221 144
p/1570296622695.jpg 1 0 0 207 149
p/1570296611704.jpg 1 0 0 194 130
p/1570296599975.jpg 1 0 0 178 122
p/1570296589913.jpg 1 0 0 167 119
p/1570296578152.jpg 1 0 0 163 114
p/1570296567864.jpg 1 0 0 173 105
p/1570296561935.jpg 1 0 0 165 102
p/1570296552664.jpg 1 0 0 156 94
p/1570296532272.jpg 1 0 0 135 84
p/1570296521640.jpg 1 0 0 133 84
p/1570261316675.jpg 1 0 0 197 165
p/1570261307058.jpg 1 0 0 151 114